<?xml version="1.0" encoding="UTF-8"?>
<testng-results ignored="0" total="1" passed="1" failed="0" skipped="0">
  <reporter-output>
  </reporter-output>
  <suite started-at="2025-01-03T17:49:44 IST" name="Default suite" finished-at="2025-01-03T17:49:45 IST" duration-ms="1558">
    <groups>
    </groups>
    <test started-at="2025-01-03T17:49:44 IST" name="Default test" finished-at="2025-01-03T17:49:45 IST" duration-ms="1558">
      <class name="JsonFileHandling">
        <test-method signature="JsonFile()[pri:0, instance:JsonFileHandling@2a798d51]" started-at="2025-01-03T17:49:44 IST" name="JsonFile" finished-at="2025-01-03T17:49:45 IST" duration-ms="1531" status="PASS">
          <reporter-output>
          </reporter-output>
        </test-method> <!-- JsonFile -->
      </class> <!-- JsonFileHandling -->
    </test> <!-- Default test -->
  </suite> <!-- Default suite -->
</testng-results>
